<?xml version="1.0" encoding="UTF-8"?>
<testng-results skipped="0" failed="0" ignored="0" total="3" passed="3">
  <reporter-output>
  </reporter-output>
  <suite name="Default suite" duration-ms="288745" started-at="2020-07-16T22:04:30 IST" finished-at="2020-07-16T22:09:18 IST">
    <groups>
    </groups>
    <test name="Default test" duration-ms="288745" started-at="2020-07-16T22:04:30 IST" finished-at="2020-07-16T22:09:18 IST">
      <class name="myPackage.FinWebTest">
        <test-method status="PASS" signature="init()[pri:0, instance:myPackage.FinWebTest@6e0e048a]" name="init" is-config="true" duration-ms="57662" started-at="2020-07-16T22:04:30 IST" finished-at="2020-07-16T22:05:27 IST">
          <reporter-output>
          </reporter-output>
        </test-method> <!-- init -->
        <test-method status="PASS" signature="registerMe()[pri:1, instance:myPackage.FinWebTest@6e0e048a]" name="registerMe" duration-ms="12743" started-at="2020-07-16T22:05:27 IST" finished-at="2020-07-16T22:05:40 IST">
          <reporter-output>
          </reporter-output>
        </test-method> <!-- registerMe -->
        <test-method status="PASS" signature="kill()[pri:0, instance:myPackage.FinWebTest@6e0e048a]" name="kill" is-config="true" duration-ms="158" started-at="2020-07-16T22:05:40 IST" finished-at="2020-07-16T22:05:40 IST">
          <reporter-output>
          </reporter-output>
        </test-method> <!-- kill -->
        <test-method status="PASS" signature="init()[pri:0, instance:myPackage.FinWebTest@6e0e048a]" name="init" is-config="true" duration-ms="47680" started-at="2020-07-16T22:05:40 IST" finished-at="2020-07-16T22:06:28 IST">
          <reporter-output>
          </reporter-output>
        </test-method> <!-- init -->
        <test-method status="PASS" signature="LoginMe()[pri:2, instance:myPackage.FinWebTest@6e0e048a]" name="LoginMe" duration-ms="6300" started-at="2020-07-16T22:06:28 IST" finished-at="2020-07-16T22:06:34 IST">
          <reporter-output>
          </reporter-output>
        </test-method> <!-- LoginMe -->
        <test-method status="PASS" signature="kill()[pri:0, instance:myPackage.FinWebTest@6e0e048a]" name="kill" is-config="true" duration-ms="159" started-at="2020-07-16T22:06:34 IST" finished-at="2020-07-16T22:06:34 IST">
          <reporter-output>
          </reporter-output>
        </test-method> <!-- kill -->
        <test-method status="PASS" signature="init()[pri:0, instance:myPackage.FinWebTest@6e0e048a]" name="init" is-config="true" duration-ms="139901" started-at="2020-07-16T22:06:34 IST" finished-at="2020-07-16T22:08:54 IST">
          <reporter-output>
          </reporter-output>
        </test-method> <!-- init -->
        <test-method status="PASS" signature="Search_add_to_cart()[pri:3, instance:myPackage.FinWebTest@6e0e048a]" name="Search_add_to_cart" duration-ms="23889" started-at="2020-07-16T22:08:54 IST" finished-at="2020-07-16T22:09:18 IST">
          <reporter-output>
          </reporter-output>
        </test-method> <!-- Search_add_to_cart -->
        <test-method status="PASS" signature="kill()[pri:0, instance:myPackage.FinWebTest@6e0e048a]" name="kill" is-config="true" duration-ms="195" started-at="2020-07-16T22:09:18 IST" finished-at="2020-07-16T22:09:18 IST">
          <reporter-output>
          </reporter-output>
        </test-method> <!-- kill -->
      </class> <!-- myPackage.FinWebTest -->
    </test> <!-- Default test -->
  </suite> <!-- Default suite -->
</testng-results>
