<?xml version="1.0" encoding="UTF-8"?>
<!-- Generated by org.testng.reporters.JUnitXMLReporter -->
<testsuite hostname="LAPTOP-3MMNVU13" ignored="0" name="Default test" tests="3" failures="0" timestamp="2020-07-16T22:09:18 IST" time="288.745" errors="0">
  <testcase name="registerMe" time="12.743" classname="myPackage.FinWebTest"/>
  <testcase name="LoginMe" time="6.3" classname="myPackage.FinWebTest"/>
  <testcase name="Search_add_to_cart" time="23.889" classname="myPackage.FinWebTest"/>
</testsuite> <!-- Default test -->
